<?xml version="1.0" encoding="UTF-8"?>
<testsuite xmlns:xsi="http://www.w3.org/2001/XMLSchema-instance" xsi:noNamespaceSchemaLocation="https://maven.apache.org/surefire/maven-surefire-plugin/xsd/surefire-test-report-3.0.xsd" version="3.0" name="runner.TestRunner" time="0.782" tests="0" errors="0" skipped="0" failures="0">
  <properties>
    <property name="java.specification.version" value="14"/>
    <property name="sun.jnu.encoding" value="UTF-8"/>
    <property name="java.class.path" value="/Users/rhnibhish/Dropbox/My Mac (Hemant’s MacBook Pro)/Downloads/appium-mobile-automation-framework-for-thescore/target/test-classes:/Users/rhnibhish/Dropbox/My Mac (Hemant’s MacBook Pro)/Downloads/appium-mobile-automation-framework-for-thescore/target/classes:/Users/rhnibhish/.m2/repository/io/cucumber/cucumber-junit/7.10.1/cucumber-junit-7.10.1.jar:/Users/rhnibhish/.m2/repository/org/apiguardian/apiguardian-api/1.1.2/apiguardian-api-1.1.2.jar:/Users/rhnibhish/.m2/repository/io/cucumber/cucumber-core/7.10.1/cucumber-core-7.10.1.jar:/Users/rhnibhish/.m2/repository/io/cucumber/cucumber-gherkin/7.10.1/cucumber-gherkin-7.10.1.jar:/Users/rhnibhish/.m2/repository/io/cucumber/cucumber-gherkin-messages/7.10.1/cucumber-gherkin-messages-7.10.1.jar:/Users/rhnibhish/.m2/repository/io/cucumber/tag-expressions/4.1.0/tag-expressions-4.1.0.jar:/Users/rhnibhish/.m2/repository/io/cucumber/cucumber-expressions/16.1.1/cucumber-expressions-16.1.1.jar:/Users/rhnibhish/.m2/repository/io/cucumber/datatable/7.10.1/datatable-7.10.1.jar:/Users/rhnibhish/.m2/repository/io/cucumber/cucumber-plugin/7.10.1/cucumber-plugin-7.10.1.jar:/Users/rhnibhish/.m2/repository/io/cucumber/docstring/7.10.1/docstring-7.10.1.jar:/Users/rhnibhish/.m2/repository/io/cucumber/html-formatter/20.2.0/html-formatter-20.2.0.jar:/Users/rhnibhish/.m2/repository/io/cucumber/ci-environment/9.1.0/ci-environment-9.1.0.jar:/Users/rhnibhish/.m2/repository/junit/junit/4.13.2/junit-4.13.2.jar:/Users/rhnibhish/.m2/repository/org/hamcrest/hamcrest-core/1.3/hamcrest-core-1.3.jar:/Users/rhnibhish/.m2/repository/io/cucumber/cucumber-java/7.10.1/cucumber-java-7.10.1.jar:/Users/rhnibhish/.m2/repository/io/cucumber/cucumber-picocontainer/7.10.1/cucumber-picocontainer-7.10.1.jar:/Users/rhnibhish/.m2/repository/org/picocontainer/picocontainer/2.15/picocontainer-2.15.jar:/Users/rhnibhish/.m2/repository/io/cucumber/gherkin/25.0.2/gherkin-25.0.2.jar:/Users/rhnibhish/.m2/repository/io/cucumber/messages/19.1.4/messages-19.1.4.jar:/Users/rhnibhish/.m2/repository/io/appium/java-client/8.3.0/java-client-8.3.0.jar:/Users/rhnibhish/.m2/repository/org/seleniumhq/selenium/selenium-api/4.20.0/selenium-api-4.20.0.jar:/Users/rhnibhish/.m2/repository/org/seleniumhq/selenium/selenium-remote-driver/4.20.0/selenium-remote-driver-4.20.0.jar:/Users/rhnibhish/.m2/repository/com/google/auto/service/auto-service-annotations/1.1.1/auto-service-annotations-1.1.1.jar:/Users/rhnibhish/.m2/repository/com/google/guava/guava/33.1.0-jre/guava-33.1.0-jre.jar:/Users/rhnibhish/.m2/repository/com/google/guava/failureaccess/1.0.2/failureaccess-1.0.2.jar:/Users/rhnibhish/.m2/repository/com/google/guava/listenablefuture/9999.0-empty-to-avoid-conflict-with-guava/listenablefuture-9999.0-empty-to-avoid-conflict-with-guava.jar:/Users/rhnibhish/.m2/repository/com/google/code/findbugs/jsr305/3.0.2/jsr305-3.0.2.jar:/Users/rhnibhish/.m2/repository/org/checkerframework/checker-qual/3.42.0/checker-qual-3.42.0.jar:/Users/rhnibhish/.m2/repository/com/google/errorprone/error_prone_annotations/2.26.1/error_prone_annotations-2.26.1.jar:/Users/rhnibhish/.m2/repository/com/google/j2objc/j2objc-annotations/3.0.0/j2objc-annotations-3.0.0.jar:/Users/rhnibhish/.m2/repository/io/opentelemetry/semconv/opentelemetry-semconv/1.25.0-alpha/opentelemetry-semconv-1.25.0-alpha.jar:/Users/rhnibhish/.m2/repository/io/opentelemetry/opentelemetry-api/1.37.0/opentelemetry-api-1.37.0.jar:/Users/rhnibhish/.m2/repository/io/opentelemetry/opentelemetry-context/1.37.0/opentelemetry-context-1.37.0.jar:/Users/rhnibhish/.m2/repository/io/opentelemetry/opentelemetry-exporter-logging/1.37.0/opentelemetry-exporter-logging-1.37.0.jar:/Users/rhnibhish/.m2/repository/io/opentelemetry/opentelemetry-sdk-common/1.37.0/opentelemetry-sdk-common-1.37.0.jar:/Users/rhnibhish/.m2/repository/io/opentelemetry/opentelemetry-sdk-extension-autoconfigure-spi/1.37.0/opentelemetry-sdk-extension-autoconfigure-spi-1.37.0.jar:/Users/rhnibhish/.m2/repository/io/opentelemetry/opentelemetry-sdk-extension-autoconfigure/1.37.0/opentelemetry-sdk-extension-autoconfigure-1.37.0.jar:/Users/rhnibhish/.m2/repository/io/opentelemetry/opentelemetry-api-incubator/1.37.0-alpha/opentelemetry-api-incubator-1.37.0-alpha.jar:/Users/rhnibhish/.m2/repository/io/opentelemetry/opentelemetry-sdk-trace/1.37.0/opentelemetry-sdk-trace-1.37.0.jar:/Users/rhnibhish/.m2/repository/io/opentelemetry/opentelemetry-sdk/1.37.0/opentelemetry-sdk-1.37.0.jar:/Users/rhnibhish/.m2/repository/io/opentelemetry/opentelemetry-sdk-metrics/1.37.0/opentelemetry-sdk-metrics-1.37.0.jar:/Users/rhnibhish/.m2/repository/io/opentelemetry/opentelemetry-sdk-logs/1.37.0/opentelemetry-sdk-logs-1.37.0.jar:/Users/rhnibhish/.m2/repository/net/bytebuddy/byte-buddy/1.14.14/byte-buddy-1.14.14.jar:/Users/rhnibhish/.m2/repository/org/seleniumhq/selenium/selenium-http/4.20.0/selenium-http-4.20.0.jar:/Users/rhnibhish/.m2/repository/dev/failsafe/failsafe/3.3.2/failsafe-3.3.2.jar:/Users/rhnibhish/.m2/repository/org/seleniumhq/selenium/selenium-json/4.20.0/selenium-json-4.20.0.jar:/Users/rhnibhish/.m2/repository/org/seleniumhq/selenium/selenium-manager/4.20.0/selenium-manager-4.20.0.jar:/Users/rhnibhish/.m2/repository/org/seleniumhq/selenium/selenium-os/4.20.0/selenium-os-4.20.0.jar:/Users/rhnibhish/.m2/repository/org/apache/commons/commons-exec/1.4.0/commons-exec-1.4.0.jar:/Users/rhnibhish/.m2/repository/org/seleniumhq/selenium/selenium-support/4.20.0/selenium-support-4.20.0.jar:/Users/rhnibhish/.m2/repository/com/google/code/gson/gson/2.10/gson-2.10.jar:/Users/rhnibhish/.m2/repository/cglib/cglib/3.3.0/cglib-3.3.0.jar:/Users/rhnibhish/.m2/repository/org/ow2/asm/asm/7.1/asm-7.1.jar:/Users/rhnibhish/.m2/repository/commons-validator/commons-validator/1.7/commons-validator-1.7.jar:/Users/rhnibhish/.m2/repository/commons-beanutils/commons-beanutils/1.9.4/commons-beanutils-1.9.4.jar:/Users/rhnibhish/.m2/repository/commons-digester/commons-digester/2.1/commons-digester-2.1.jar:/Users/rhnibhish/.m2/repository/commons-logging/commons-logging/1.2/commons-logging-1.2.jar:/Users/rhnibhish/.m2/repository/org/apache/commons/commons-lang3/3.12.0/commons-lang3-3.12.0.jar:/Users/rhnibhish/.m2/repository/org/slf4j/slf4j-api/2.0.5/slf4j-api-2.0.5.jar:/Users/rhnibhish/.m2/repository/commons-io/commons-io/2.11.0/commons-io-2.11.0.jar:/Users/rhnibhish/.m2/repository/commons-codec/commons-codec/1.15/commons-codec-1.15.jar:/Users/rhnibhish/.m2/repository/org/json/json/20220924/json-20220924.jar:/Users/rhnibhish/.m2/repository/com/fasterxml/jackson/core/jackson-databind/2.14.0/jackson-databind-2.14.0.jar:/Users/rhnibhish/.m2/repository/com/fasterxml/jackson/core/jackson-annotations/2.14.0/jackson-annotations-2.14.0.jar:/Users/rhnibhish/.m2/repository/com/fasterxml/jackson/core/jackson-core/2.14.0/jackson-core-2.14.0.jar:/Users/rhnibhish/.m2/repository/org/projectlombok/lombok/1.18.24/lombok-1.18.24.jar:/Users/rhnibhish/.m2/repository/net/masterthought/maven-cucumber-reporting/5.7.4/maven-cucumber-reporting-5.7.4.jar:/Users/rhnibhish/.m2/repository/org/apache/maven/maven-plugin-api/3.8.6/maven-plugin-api-3.8.6.jar:/Users/rhnibhish/.m2/repository/org/apache/maven/maven-model/3.8.6/maven-model-3.8.6.jar:/Users/rhnibhish/.m2/repository/org/apache/maven/maven-artifact/3.8.6/maven-artifact-3.8.6.jar:/Users/rhnibhish/.m2/repository/org/eclipse/sisu/org.eclipse.sisu.plexus/0.3.5/org.eclipse.sisu.plexus-0.3.5.jar:/Users/rhnibhish/.m2/repository/javax/annotation/javax.annotation-api/1.2/javax.annotation-api-1.2.jar:/Users/rhnibhish/.m2/repository/org/eclipse/sisu/org.eclipse.sisu.inject/0.3.5/org.eclipse.sisu.inject-0.3.5.jar:/Users/rhnibhish/.m2/repository/org/codehaus/plexus/plexus-classworlds/2.6.0/plexus-classworlds-2.6.0.jar:/Users/rhnibhish/.m2/repository/commons-collections/commons-collections/3.2.2/commons-collections-3.2.2.jar:/Users/rhnibhish/.m2/repository/net/masterthought/cucumber-reporting/5.7.4/cucumber-reporting-5.7.4.jar:/Users/rhnibhish/.m2/repository/com/fasterxml/jackson/datatype/jackson-datatype-jsr310/2.13.2/jackson-datatype-jsr310-2.13.2.jar:/Users/rhnibhish/.m2/repository/org/apache/velocity/velocity-engine-core/2.3/velocity-engine-core-2.3.jar:/Users/rhnibhish/.m2/repository/org/apache/commons/commons-collections4/4.4/commons-collections4-4.4.jar:/Users/rhnibhish/.m2/repository/joda-time/joda-time/2.10.14/joda-time-2.10.14.jar:/Users/rhnibhish/.m2/repository/org/jsoup/jsoup/1.15.3/jsoup-1.15.3.jar:/Users/rhnibhish/.m2/repository/com/googlecode/owasp-java-html-sanitizer/owasp-java-html-sanitizer/20211018.2/owasp-java-html-sanitizer-20211018.2.jar:/Users/rhnibhish/.m2/repository/commons-configuration/commons-configuration/1.10/commons-configuration-1.10.jar:/Users/rhnibhish/.m2/repository/org/apache/maven/plugins/maven-checkstyle-plugin/3.2.0/maven-checkstyle-plugin-3.2.0.jar:/Users/rhnibhish/.m2/repository/org/apache/maven/reporting/maven-reporting-api/3.1.1/maven-reporting-api-3.1.1.jar:/Users/rhnibhish/.m2/repository/org/apache/maven/reporting/maven-reporting-impl/3.2.0/maven-reporting-impl-3.2.0.jar:/Users/rhnibhish/.m2/repository/org/apache/maven/maven-core/3.1.0/maven-core-3.1.0.jar:/Users/rhnibhish/.m2/repository/org/apache/maven/maven-settings/3.1.0/maven-settings-3.1.0.jar:/Users/rhnibhish/.m2/repository/org/apache/maven/maven-settings-builder/3.1.0/maven-settings-builder-3.1.0.jar:/Users/rhnibhish/.m2/repository/org/apache/maven/maven-repository-metadata/3.1.0/maven-repository-metadata-3.1.0.jar:/Users/rhnibhish/.m2/repository/org/apache/maven/maven-model-builder/3.1.0/maven-model-builder-3.1.0.jar:/Users/rhnibhish/.m2/repository/org/apache/maven/maven-aether-provider/3.1.0/maven-aether-provider-3.1.0.jar:/Users/rhnibhish/.m2/repository/org/eclipse/aether/aether-spi/0.9.0.M2/aether-spi-0.9.0.M2.jar:/Users/rhnibhish/.m2/repository/org/eclipse/aether/aether-impl/0.9.0.M2/aether-impl-0.9.0.M2.jar:/Users/rhnibhish/.m2/repository/org/eclipse/aether/aether-api/0.9.0.M2/aether-api-0.9.0.M2.jar:/Users/rhnibhish/.m2/repository/org/eclipse/aether/aether-util/0.9.0.M2/aether-util-0.9.0.M2.jar:/Users/rhnibhish/.m2/repository/org/sonatype/plexus/plexus-sec-dispatcher/1.3/plexus-sec-dispatcher-1.3.jar:/Users/rhnibhish/.m2/repository/org/sonatype/plexus/plexus-cipher/1.4/plexus-cipher-1.4.jar:/Users/rhnibhish/.m2/repository/org/apache/maven/shared/maven-shared-utils/3.3.4/maven-shared-utils-3.3.4.jar:/Users/rhnibhish/.m2/repository/org/apache/maven/doxia/doxia-decoration-model/1.11.1/doxia-decoration-model-1.11.1.jar:/Users/rhnibhish/.m2/repository/org/apache/maven/doxia/doxia-site-renderer/1.11.1/doxia-site-renderer-1.11.1.jar:/Users/rhnibhish/.m2/repository/org/apache/maven/doxia/doxia-skin-model/1.11.1/doxia-skin-model-1.11.1.jar:/Users/rhnibhish/.m2/repository/org/apache/maven/doxia/doxia-module-xhtml/1.11.1/doxia-module-xhtml-1.11.1.jar:/Users/rhnibhish/.m2/repository/org/apache/maven/doxia/doxia-module-xhtml5/1.11.1/doxia-module-xhtml5-1.11.1.jar:/Users/rhnibhish/.m2/repository/org/apache/velocity/velocity-tools/2.0/velocity-tools-2.0.jar:/Users/rhnibhish/.m2/repository/commons-chain/commons-chain/1.1/commons-chain-1.1.jar:/Users/rhnibhish/.m2/repository/dom4j/dom4j/1.1/dom4j-1.1.jar:/Users/rhnibhish/.m2/repository/oro/oro/2.0.8/oro-2.0.8.jar:/Users/rhnibhish/.m2/repository/org/apache/maven/doxia/doxia-sink-api/1.11.1/doxia-sink-api-1.11.1.jar:/Users/rhnibhish/.m2/repository/org/apache/maven/doxia/doxia-logging-api/1.11.1/doxia-logging-api-1.11.1.jar:/Users/rhnibhish/.m2/repository/org/apache/maven/doxia/doxia-core/1.11.1/doxia-core-1.11.1.jar:/Users/rhnibhish/.m2/repository/org/codehaus/plexus/plexus-container-default/2.1.0/plexus-container-default-2.1.0.jar:/Users/rhnibhish/.m2/repository/org/apache/xbean/xbean-reflect/3.7/xbean-reflect-3.7.jar:/Users/rhnibhish/.m2/repository/com/google/collections/google-collections/1.0/google-collections-1.0.jar:/Users/rhnibhish/.m2/repository/org/apache/commons/commons-text/1.3/commons-text-1.3.jar:/Users/rhnibhish/.m2/repository/org/apache/httpcomponents/httpclient/4.5.13/httpclient-4.5.13.jar:/Users/rhnibhish/.m2/repository/org/apache/httpcomponents/httpcore/4.4.14/httpcore-4.4.14.jar:/Users/rhnibhish/.m2/repository/org/apache/maven/doxia/doxia-integration-tools/1.11.1/doxia-integration-tools-1.11.1.jar:/Users/rhnibhish/.m2/repository/org/codehaus/plexus/plexus-i18n/1.0-beta-10/plexus-i18n-1.0-beta-10.jar:/Users/rhnibhish/.m2/repository/org/codehaus/plexus/plexus-interpolation/1.26/plexus-interpolation-1.26.jar:/Users/rhnibhish/.m2/repository/org/codehaus/plexus/plexus-component-annotations/2.1.1/plexus-component-annotations-2.1.1.jar:/Users/rhnibhish/.m2/repository/org/codehaus/plexus/plexus-resources/1.1.0/plexus-resources-1.1.0.jar:/Users/rhnibhish/.m2/repository/org/codehaus/plexus/plexus-utils/3.4.2/plexus-utils-3.4.2.jar:/Users/rhnibhish/.m2/repository/org/codehaus/plexus/plexus-velocity/1.2/plexus-velocity-1.2.jar:/Users/rhnibhish/.m2/repository/com/puppycrawl/tools/checkstyle/9.3/checkstyle-9.3.jar:/Users/rhnibhish/.m2/repository/info/picocli/picocli/4.6.2/picocli-4.6.2.jar:/Users/rhnibhish/.m2/repository/org/antlr/antlr4-runtime/4.9.3/antlr4-runtime-4.9.3.jar:/Users/rhnibhish/.m2/repository/org/reflections/reflections/0.10.2/reflections-0.10.2.jar:/Users/rhnibhish/.m2/repository/org/javassist/javassist/3.28.0-GA/javassist-3.28.0-GA.jar:/Users/rhnibhish/.m2/repository/net/sf/saxon/Saxon-HE/10.6/Saxon-HE-10.6.jar:/Users/rhnibhish/.m2/repository/org/apache/velocity/velocity/1.7/velocity-1.7.jar:/Users/rhnibhish/.m2/repository/commons-lang/commons-lang/2.4/commons-lang-2.4.jar:/Users/rhnibhish/.m2/repository/javax/xml/bind/jaxb-api/2.3.1/jaxb-api-2.3.1.jar:/Users/rhnibhish/.m2/repository/javax/activation/javax.activation-api/1.2.0/javax.activation-api-1.2.0.jar:"/>
    <property name="java.vm.vendor" value="Oracle Corporation"/>
    <property name="sun.arch.data.model" value="64"/>
    <property name="java.vendor.url" value="https://java.oracle.com/"/>
    <property name="os.name" value="Mac OS X"/>
    <property name="java.vm.specification.version" value="14"/>
    <property name="sun.java.launcher" value="SUN_STANDARD"/>
    <property name="user.country" value="GB"/>
    <property name="sun.boot.library.path" value="/Users/rhnibhish/Library/Java/JavaVirtualMachines/openjdk-14.0.1/Contents/Home/lib"/>
    <property name="sun.java.command" value="/Users/rhnibhish/Dropbox/My Mac (Hemant’s MacBook Pro)/Downloads/appium-mobile-automation-framework-for-thescore/target/surefire/surefirebooter9588331134500766060.jar /Users/rhnibhish/Dropbox/My Mac (Hemant’s MacBook Pro)/Downloads/appium-mobile-automation-framework-for-thescore/target/surefire 2024-05-13T20-30-15_986-jvmRun1 surefire10972184934346731043tmp surefire_011481670415196234765tmp"/>
    <property name="http.nonProxyHosts" value="local|*.local|169.254/16|*.169.254/16"/>
    <property name="jdk.debug" value="release"/>
    <property name="surefire.test.class.path" value="/Users/rhnibhish/Dropbox/My Mac (Hemant’s MacBook Pro)/Downloads/appium-mobile-automation-framework-for-thescore/target/test-classes:/Users/rhnibhish/Dropbox/My Mac (Hemant’s MacBook Pro)/Downloads/appium-mobile-automation-framework-for-thescore/target/classes:/Users/rhnibhish/.m2/repository/io/cucumber/cucumber-junit/7.10.1/cucumber-junit-7.10.1.jar:/Users/rhnibhish/.m2/repository/org/apiguardian/apiguardian-api/1.1.2/apiguardian-api-1.1.2.jar:/Users/rhnibhish/.m2/repository/io/cucumber/cucumber-core/7.10.1/cucumber-core-7.10.1.jar:/Users/rhnibhish/.m2/repository/io/cucumber/cucumber-gherkin/7.10.1/cucumber-gherkin-7.10.1.jar:/Users/rhnibhish/.m2/repository/io/cucumber/cucumber-gherkin-messages/7.10.1/cucumber-gherkin-messages-7.10.1.jar:/Users/rhnibhish/.m2/repository/io/cucumber/tag-expressions/4.1.0/tag-expressions-4.1.0.jar:/Users/rhnibhish/.m2/repository/io/cucumber/cucumber-expressions/16.1.1/cucumber-expressions-16.1.1.jar:/Users/rhnibhish/.m2/repository/io/cucumber/datatable/7.10.1/datatable-7.10.1.jar:/Users/rhnibhish/.m2/repository/io/cucumber/cucumber-plugin/7.10.1/cucumber-plugin-7.10.1.jar:/Users/rhnibhish/.m2/repository/io/cucumber/docstring/7.10.1/docstring-7.10.1.jar:/Users/rhnibhish/.m2/repository/io/cucumber/html-formatter/20.2.0/html-formatter-20.2.0.jar:/Users/rhnibhish/.m2/repository/io/cucumber/ci-environment/9.1.0/ci-environment-9.1.0.jar:/Users/rhnibhish/.m2/repository/junit/junit/4.13.2/junit-4.13.2.jar:/Users/rhnibhish/.m2/repository/org/hamcrest/hamcrest-core/1.3/hamcrest-core-1.3.jar:/Users/rhnibhish/.m2/repository/io/cucumber/cucumber-java/7.10.1/cucumber-java-7.10.1.jar:/Users/rhnibhish/.m2/repository/io/cucumber/cucumber-picocontainer/7.10.1/cucumber-picocontainer-7.10.1.jar:/Users/rhnibhish/.m2/repository/org/picocontainer/picocontainer/2.15/picocontainer-2.15.jar:/Users/rhnibhish/.m2/repository/io/cucumber/gherkin/25.0.2/gherkin-25.0.2.jar:/Users/rhnibhish/.m2/repository/io/cucumber/messages/19.1.4/messages-19.1.4.jar:/Users/rhnibhish/.m2/repository/io/appium/java-client/8.3.0/java-client-8.3.0.jar:/Users/rhnibhish/.m2/repository/org/seleniumhq/selenium/selenium-api/4.20.0/selenium-api-4.20.0.jar:/Users/rhnibhish/.m2/repository/org/seleniumhq/selenium/selenium-remote-driver/4.20.0/selenium-remote-driver-4.20.0.jar:/Users/rhnibhish/.m2/repository/com/google/auto/service/auto-service-annotations/1.1.1/auto-service-annotations-1.1.1.jar:/Users/rhnibhish/.m2/repository/com/google/guava/guava/33.1.0-jre/guava-33.1.0-jre.jar:/Users/rhnibhish/.m2/repository/com/google/guava/failureaccess/1.0.2/failureaccess-1.0.2.jar:/Users/rhnibhish/.m2/repository/com/google/guava/listenablefuture/9999.0-empty-to-avoid-conflict-with-guava/listenablefuture-9999.0-empty-to-avoid-conflict-with-guava.jar:/Users/rhnibhish/.m2/repository/com/google/code/findbugs/jsr305/3.0.2/jsr305-3.0.2.jar:/Users/rhnibhish/.m2/repository/org/checkerframework/checker-qual/3.42.0/checker-qual-3.42.0.jar:/Users/rhnibhish/.m2/repository/com/google/errorprone/error_prone_annotations/2.26.1/error_prone_annotations-2.26.1.jar:/Users/rhnibhish/.m2/repository/com/google/j2objc/j2objc-annotations/3.0.0/j2objc-annotations-3.0.0.jar:/Users/rhnibhish/.m2/repository/io/opentelemetry/semconv/opentelemetry-semconv/1.25.0-alpha/opentelemetry-semconv-1.25.0-alpha.jar:/Users/rhnibhish/.m2/repository/io/opentelemetry/opentelemetry-api/1.37.0/opentelemetry-api-1.37.0.jar:/Users/rhnibhish/.m2/repository/io/opentelemetry/opentelemetry-context/1.37.0/opentelemetry-context-1.37.0.jar:/Users/rhnibhish/.m2/repository/io/opentelemetry/opentelemetry-exporter-logging/1.37.0/opentelemetry-exporter-logging-1.37.0.jar:/Users/rhnibhish/.m2/repository/io/opentelemetry/opentelemetry-sdk-common/1.37.0/opentelemetry-sdk-common-1.37.0.jar:/Users/rhnibhish/.m2/repository/io/opentelemetry/opentelemetry-sdk-extension-autoconfigure-spi/1.37.0/opentelemetry-sdk-extension-autoconfigure-spi-1.37.0.jar:/Users/rhnibhish/.m2/repository/io/opentelemetry/opentelemetry-sdk-extension-autoconfigure/1.37.0/opentelemetry-sdk-extension-autoconfigure-1.37.0.jar:/Users/rhnibhish/.m2/repository/io/opentelemetry/opentelemetry-api-incubator/1.37.0-alpha/opentelemetry-api-incubator-1.37.0-alpha.jar:/Users/rhnibhish/.m2/repository/io/opentelemetry/opentelemetry-sdk-trace/1.37.0/opentelemetry-sdk-trace-1.37.0.jar:/Users/rhnibhish/.m2/repository/io/opentelemetry/opentelemetry-sdk/1.37.0/opentelemetry-sdk-1.37.0.jar:/Users/rhnibhish/.m2/repository/io/opentelemetry/opentelemetry-sdk-metrics/1.37.0/opentelemetry-sdk-metrics-1.37.0.jar:/Users/rhnibhish/.m2/repository/io/opentelemetry/opentelemetry-sdk-logs/1.37.0/opentelemetry-sdk-logs-1.37.0.jar:/Users/rhnibhish/.m2/repository/net/bytebuddy/byte-buddy/1.14.14/byte-buddy-1.14.14.jar:/Users/rhnibhish/.m2/repository/org/seleniumhq/selenium/selenium-http/4.20.0/selenium-http-4.20.0.jar:/Users/rhnibhish/.m2/repository/dev/failsafe/failsafe/3.3.2/failsafe-3.3.2.jar:/Users/rhnibhish/.m2/repository/org/seleniumhq/selenium/selenium-json/4.20.0/selenium-json-4.20.0.jar:/Users/rhnibhish/.m2/repository/org/seleniumhq/selenium/selenium-manager/4.20.0/selenium-manager-4.20.0.jar:/Users/rhnibhish/.m2/repository/org/seleniumhq/selenium/selenium-os/4.20.0/selenium-os-4.20.0.jar:/Users/rhnibhish/.m2/repository/org/apache/commons/commons-exec/1.4.0/commons-exec-1.4.0.jar:/Users/rhnibhish/.m2/repository/org/seleniumhq/selenium/selenium-support/4.20.0/selenium-support-4.20.0.jar:/Users/rhnibhish/.m2/repository/com/google/code/gson/gson/2.10/gson-2.10.jar:/Users/rhnibhish/.m2/repository/cglib/cglib/3.3.0/cglib-3.3.0.jar:/Users/rhnibhish/.m2/repository/org/ow2/asm/asm/7.1/asm-7.1.jar:/Users/rhnibhish/.m2/repository/commons-validator/commons-validator/1.7/commons-validator-1.7.jar:/Users/rhnibhish/.m2/repository/commons-beanutils/commons-beanutils/1.9.4/commons-beanutils-1.9.4.jar:/Users/rhnibhish/.m2/repository/commons-digester/commons-digester/2.1/commons-digester-2.1.jar:/Users/rhnibhish/.m2/repository/commons-logging/commons-logging/1.2/commons-logging-1.2.jar:/Users/rhnibhish/.m2/repository/org/apache/commons/commons-lang3/3.12.0/commons-lang3-3.12.0.jar:/Users/rhnibhish/.m2/repository/org/slf4j/slf4j-api/2.0.5/slf4j-api-2.0.5.jar:/Users/rhnibhish/.m2/repository/commons-io/commons-io/2.11.0/commons-io-2.11.0.jar:/Users/rhnibhish/.m2/repository/commons-codec/commons-codec/1.15/commons-codec-1.15.jar:/Users/rhnibhish/.m2/repository/org/json/json/20220924/json-20220924.jar:/Users/rhnibhish/.m2/repository/com/fasterxml/jackson/core/jackson-databind/2.14.0/jackson-databind-2.14.0.jar:/Users/rhnibhish/.m2/repository/com/fasterxml/jackson/core/jackson-annotations/2.14.0/jackson-annotations-2.14.0.jar:/Users/rhnibhish/.m2/repository/com/fasterxml/jackson/core/jackson-core/2.14.0/jackson-core-2.14.0.jar:/Users/rhnibhish/.m2/repository/org/projectlombok/lombok/1.18.24/lombok-1.18.24.jar:/Users/rhnibhish/.m2/repository/net/masterthought/maven-cucumber-reporting/5.7.4/maven-cucumber-reporting-5.7.4.jar:/Users/rhnibhish/.m2/repository/org/apache/maven/maven-plugin-api/3.8.6/maven-plugin-api-3.8.6.jar:/Users/rhnibhish/.m2/repository/org/apache/maven/maven-model/3.8.6/maven-model-3.8.6.jar:/Users/rhnibhish/.m2/repository/org/apache/maven/maven-artifact/3.8.6/maven-artifact-3.8.6.jar:/Users/rhnibhish/.m2/repository/org/eclipse/sisu/org.eclipse.sisu.plexus/0.3.5/org.eclipse.sisu.plexus-0.3.5.jar:/Users/rhnibhish/.m2/repository/javax/annotation/javax.annotation-api/1.2/javax.annotation-api-1.2.jar:/Users/rhnibhish/.m2/repository/org/eclipse/sisu/org.eclipse.sisu.inject/0.3.5/org.eclipse.sisu.inject-0.3.5.jar:/Users/rhnibhish/.m2/repository/org/codehaus/plexus/plexus-classworlds/2.6.0/plexus-classworlds-2.6.0.jar:/Users/rhnibhish/.m2/repository/commons-collections/commons-collections/3.2.2/commons-collections-3.2.2.jar:/Users/rhnibhish/.m2/repository/net/masterthought/cucumber-reporting/5.7.4/cucumber-reporting-5.7.4.jar:/Users/rhnibhish/.m2/repository/com/fasterxml/jackson/datatype/jackson-datatype-jsr310/2.13.2/jackson-datatype-jsr310-2.13.2.jar:/Users/rhnibhish/.m2/repository/org/apache/velocity/velocity-engine-core/2.3/velocity-engine-core-2.3.jar:/Users/rhnibhish/.m2/repository/org/apache/commons/commons-collections4/4.4/commons-collections4-4.4.jar:/Users/rhnibhish/.m2/repository/joda-time/joda-time/2.10.14/joda-time-2.10.14.jar:/Users/rhnibhish/.m2/repository/org/jsoup/jsoup/1.15.3/jsoup-1.15.3.jar:/Users/rhnibhish/.m2/repository/com/googlecode/owasp-java-html-sanitizer/owasp-java-html-sanitizer/20211018.2/owasp-java-html-sanitizer-20211018.2.jar:/Users/rhnibhish/.m2/repository/commons-configuration/commons-configuration/1.10/commons-configuration-1.10.jar:/Users/rhnibhish/.m2/repository/org/apache/maven/plugins/maven-checkstyle-plugin/3.2.0/maven-checkstyle-plugin-3.2.0.jar:/Users/rhnibhish/.m2/repository/org/apache/maven/reporting/maven-reporting-api/3.1.1/maven-reporting-api-3.1.1.jar:/Users/rhnibhish/.m2/repository/org/apache/maven/reporting/maven-reporting-impl/3.2.0/maven-reporting-impl-3.2.0.jar:/Users/rhnibhish/.m2/repository/org/apache/maven/maven-core/3.1.0/maven-core-3.1.0.jar:/Users/rhnibhish/.m2/repository/org/apache/maven/maven-settings/3.1.0/maven-settings-3.1.0.jar:/Users/rhnibhish/.m2/repository/org/apache/maven/maven-settings-builder/3.1.0/maven-settings-builder-3.1.0.jar:/Users/rhnibhish/.m2/repository/org/apache/maven/maven-repository-metadata/3.1.0/maven-repository-metadata-3.1.0.jar:/Users/rhnibhish/.m2/repository/org/apache/maven/maven-model-builder/3.1.0/maven-model-builder-3.1.0.jar:/Users/rhnibhish/.m2/repository/org/apache/maven/maven-aether-provider/3.1.0/maven-aether-provider-3.1.0.jar:/Users/rhnibhish/.m2/repository/org/eclipse/aether/aether-spi/0.9.0.M2/aether-spi-0.9.0.M2.jar:/Users/rhnibhish/.m2/repository/org/eclipse/aether/aether-impl/0.9.0.M2/aether-impl-0.9.0.M2.jar:/Users/rhnibhish/.m2/repository/org/eclipse/aether/aether-api/0.9.0.M2/aether-api-0.9.0.M2.jar:/Users/rhnibhish/.m2/repository/org/eclipse/aether/aether-util/0.9.0.M2/aether-util-0.9.0.M2.jar:/Users/rhnibhish/.m2/repository/org/sonatype/plexus/plexus-sec-dispatcher/1.3/plexus-sec-dispatcher-1.3.jar:/Users/rhnibhish/.m2/repository/org/sonatype/plexus/plexus-cipher/1.4/plexus-cipher-1.4.jar:/Users/rhnibhish/.m2/repository/org/apache/maven/shared/maven-shared-utils/3.3.4/maven-shared-utils-3.3.4.jar:/Users/rhnibhish/.m2/repository/org/apache/maven/doxia/doxia-decoration-model/1.11.1/doxia-decoration-model-1.11.1.jar:/Users/rhnibhish/.m2/repository/org/apache/maven/doxia/doxia-site-renderer/1.11.1/doxia-site-renderer-1.11.1.jar:/Users/rhnibhish/.m2/repository/org/apache/maven/doxia/doxia-skin-model/1.11.1/doxia-skin-model-1.11.1.jar:/Users/rhnibhish/.m2/repository/org/apache/maven/doxia/doxia-module-xhtml/1.11.1/doxia-module-xhtml-1.11.1.jar:/Users/rhnibhish/.m2/repository/org/apache/maven/doxia/doxia-module-xhtml5/1.11.1/doxia-module-xhtml5-1.11.1.jar:/Users/rhnibhish/.m2/repository/org/apache/velocity/velocity-tools/2.0/velocity-tools-2.0.jar:/Users/rhnibhish/.m2/repository/commons-chain/commons-chain/1.1/commons-chain-1.1.jar:/Users/rhnibhish/.m2/repository/dom4j/dom4j/1.1/dom4j-1.1.jar:/Users/rhnibhish/.m2/repository/oro/oro/2.0.8/oro-2.0.8.jar:/Users/rhnibhish/.m2/repository/org/apache/maven/doxia/doxia-sink-api/1.11.1/doxia-sink-api-1.11.1.jar:/Users/rhnibhish/.m2/repository/org/apache/maven/doxia/doxia-logging-api/1.11.1/doxia-logging-api-1.11.1.jar:/Users/rhnibhish/.m2/repository/org/apache/maven/doxia/doxia-core/1.11.1/doxia-core-1.11.1.jar:/Users/rhnibhish/.m2/repository/org/codehaus/plexus/plexus-container-default/2.1.0/plexus-container-default-2.1.0.jar:/Users/rhnibhish/.m2/repository/org/apache/xbean/xbean-reflect/3.7/xbean-reflect-3.7.jar:/Users/rhnibhish/.m2/repository/com/google/collections/google-collections/1.0/google-collections-1.0.jar:/Users/rhnibhish/.m2/repository/org/apache/commons/commons-text/1.3/commons-text-1.3.jar:/Users/rhnibhish/.m2/repository/org/apache/httpcomponents/httpclient/4.5.13/httpclient-4.5.13.jar:/Users/rhnibhish/.m2/repository/org/apache/httpcomponents/httpcore/4.4.14/httpcore-4.4.14.jar:/Users/rhnibhish/.m2/repository/org/apache/maven/doxia/doxia-integration-tools/1.11.1/doxia-integration-tools-1.11.1.jar:/Users/rhnibhish/.m2/repository/org/codehaus/plexus/plexus-i18n/1.0-beta-10/plexus-i18n-1.0-beta-10.jar:/Users/rhnibhish/.m2/repository/org/codehaus/plexus/plexus-interpolation/1.26/plexus-interpolation-1.26.jar:/Users/rhnibhish/.m2/repository/org/codehaus/plexus/plexus-component-annotations/2.1.1/plexus-component-annotations-2.1.1.jar:/Users/rhnibhish/.m2/repository/org/codehaus/plexus/plexus-resources/1.1.0/plexus-resources-1.1.0.jar:/Users/rhnibhish/.m2/repository/org/codehaus/plexus/plexus-utils/3.4.2/plexus-utils-3.4.2.jar:/Users/rhnibhish/.m2/repository/org/codehaus/plexus/plexus-velocity/1.2/plexus-velocity-1.2.jar:/Users/rhnibhish/.m2/repository/com/puppycrawl/tools/checkstyle/9.3/checkstyle-9.3.jar:/Users/rhnibhish/.m2/repository/info/picocli/picocli/4.6.2/picocli-4.6.2.jar:/Users/rhnibhish/.m2/repository/org/antlr/antlr4-runtime/4.9.3/antlr4-runtime-4.9.3.jar:/Users/rhnibhish/.m2/repository/org/reflections/reflections/0.10.2/reflections-0.10.2.jar:/Users/rhnibhish/.m2/repository/org/javassist/javassist/3.28.0-GA/javassist-3.28.0-GA.jar:/Users/rhnibhish/.m2/repository/net/sf/saxon/Saxon-HE/10.6/Saxon-HE-10.6.jar:/Users/rhnibhish/.m2/repository/org/apache/velocity/velocity/1.7/velocity-1.7.jar:/Users/rhnibhish/.m2/repository/commons-lang/commons-lang/2.4/commons-lang-2.4.jar:/Users/rhnibhish/.m2/repository/javax/xml/bind/jaxb-api/2.3.1/jaxb-api-2.3.1.jar:/Users/rhnibhish/.m2/repository/javax/activation/javax.activation-api/1.2.0/javax.activation-api-1.2.0.jar:"/>
    <property name="sun.cpu.endian" value="little"/>
    <property name="user.home" value="/Users/rhnibhish"/>
    <property name="user.language" value="en"/>
    <property name="java.specification.vendor" value="Oracle Corporation"/>
    <property name="java.version.date" value="2020-04-14"/>
    <property name="java.home" value="/Users/rhnibhish/Library/Java/JavaVirtualMachines/openjdk-14.0.1/Contents/Home"/>
    <property name="file.separator" value="/"/>
    <property name="basedir" value="/Users/rhnibhish/Dropbox/My Mac (Hemant’s MacBook Pro)/Downloads/appium-mobile-automation-framework-for-thescore"/>
    <property name="java.vm.compressedOopsMode" value="Zero based"/>
    <property name="line.separator" value="&#10;"/>
    <property name="java.specification.name" value="Java Platform API Specification"/>
    <property name="java.vm.specification.vendor" value="Oracle Corporation"/>
    <property name="surefire.real.class.path" value="/Users/rhnibhish/Dropbox/My Mac (Hemant’s MacBook Pro)/Downloads/appium-mobile-automation-framework-for-thescore/target/surefire/surefirebooter9588331134500766060.jar"/>
    <property name="sun.management.compiler" value="HotSpot 64-Bit Tiered Compilers"/>
    <property name="ftp.nonProxyHosts" value="local|*.local|169.254/16|*.169.254/16"/>
    <property name="java.runtime.version" value="14.0.1+7"/>
    <property name="user.name" value="rhnibhish"/>
    <property name="path.separator" value=":"/>
    <property name="os.version" value="10.16"/>
    <property name="java.runtime.name" value="OpenJDK Runtime Environment"/>
    <property name="file.encoding" value="UTF-8"/>
    <property name="java.vm.name" value="OpenJDK 64-Bit Server VM"/>
    <property name="localRepository" value="/Users/rhnibhish/.m2/repository"/>
    <property name="java.vendor.url.bug" value="https://bugreport.java.com/bugreport/"/>
    <property name="java.io.tmpdir" value="/var/folders/xh/ncqvxrg941gdcjq7rw9_vnh40000gn/T/"/>
    <property name="java.version" value="14.0.1"/>
    <property name="user.dir" value="/Users/rhnibhish/Dropbox/My Mac (Hemant’s MacBook Pro)/Downloads/appium-mobile-automation-framework-for-thescore"/>
    <property name="os.arch" value="x86_64"/>
    <property name="java.vm.specification.name" value="Java Virtual Machine Specification"/>
    <property name="java.library.path" value="/Users/rhnibhish/Library/Java/Extensions:/Library/Java/Extensions:/Network/Library/Java/Extensions:/System/Library/Java/Extensions:/usr/lib/java:."/>
    <property name="java.vm.info" value="mixed mode, sharing"/>
    <property name="java.vendor" value="Oracle Corporation"/>
    <property name="java.vm.version" value="14.0.1+7"/>
    <property name="sun.io.unicode.encoding" value="UnicodeBig"/>
    <property name="socksNonProxyHosts" value="local|*.local|169.254/16|*.169.254/16"/>
    <property name="java.class.version" value="58.0"/>
  </properties>
</testsuite>